<?xml version="1.0" encoding="UTF-8"?>
<!-- Generated by org.testng.reporters.JUnitReportReporter -->
<testsuite skipped="0" hostname="CDC2-D-CGTNXJ2" name="com.tests.NewTest2" tests="1" failures="0" timestamp="10 Jan 2019 06:35:40 GMT" time="152.660" errors="0">
  <testcase name="launchChrome" time="152.660" classname="com.tests.NewTest2"/>
</testsuite> <!-- com.tests.NewTest2 -->
